c:\users\tokir\documents\github\directx12\directx12\directx12\obj\x64\debug\vc141.pdb
c:\users\tokir\documents\github\directx12\directx12\directx12\obj\x64\debug\vc141.idb
c:\users\tokir\documents\github\directx12\directx12\directx12\obj\x64\debug\time.obj
c:\users\tokir\documents\github\directx12\directx12\directx12\obj\x64\debug\texture.obj
c:\users\tokir\documents\github\directx12\directx12\directx12\obj\x64\debug\texture_manager.obj
c:\users\tokir\documents\github\directx12\directx12\directx12\obj\x64\debug\sprite.obj
c:\users\tokir\documents\github\directx12\directx12\directx12\obj\x64\debug\sphere.obj
c:\users\tokir\documents\github\directx12\directx12\directx12\obj\x64\debug\scene_manager.obj
c:\users\tokir\documents\github\directx12\directx12\directx12\obj\x64\debug\title_scene.obj
c:\users\tokir\documents\github\directx12\directx12\directx12\obj\x64\debug\game_scene.obj
c:\users\tokir\documents\github\directx12\directx12\directx12\obj\x64\debug\pipeline.obj
c:\users\tokir\documents\github\directx12\directx12\directx12\obj\x64\debug\pipeline_manager.obj
c:\users\tokir\documents\github\directx12\directx12\directx12\obj\x64\debug\obj.obj
c:\users\tokir\documents\github\directx12\directx12\directx12\obj\x64\debug\obj_model.obj
c:\users\tokir\documents\github\directx12\directx12\directx12\obj\x64\debug\obj_model_manager.obj
c:\users\tokir\documents\github\directx12\directx12\directx12\obj\x64\debug\main.obj
c:\users\tokir\documents\github\directx12\directx12\directx12\obj\x64\debug\keyboard_input.obj
c:\users\tokir\documents\github\directx12\directx12\directx12\obj\x64\debug\gamepad_input.obj
c:\users\tokir\documents\github\directx12\directx12\directx12\obj\x64\debug\device.obj
c:\users\tokir\documents\github\directx12\directx12\directx12\obj\x64\debug\cube.obj
c:\users\tokir\documents\github\directx12\directx12\directx12\obj\x64\debug\camera.obj
c:\users\tokir\documents\github\directx12\directx12\directx12\obj\x64\debug\shader_manager.obj
c:\users\tokir\documents\github\directx12\directx12\directx12\obj\x64\debug\shader.obj
c:\users\tokir\documents\github\directx12\directx12\directx12\obj\x64\debug\execute_command_list.obj
c:\users\tokir\documents\github\directx12\directx12\directx12\obj\x64\debug\bundle.obj
c:\users\tokir\documents\github\directx12\directx12\directx12\obj\x64\debug\cube_command_list.obj
c:\users\tokir\documents\github\directx12\directx12\directx12\obj\x64\debug\sprite_command_list.obj
c:\users\tokir\documents\github\directx12\directx12\directx12\obj\x64\debug\sphere_command_list.obj
c:\users\tokir\documents\github\directx12\directx12\directx12\bin\x64\debug\directx12.exe
c:\users\tokir\documents\github\directx12\directx12\directx12\bin\x64\debug\directx12.ilk
c:\users\tokir\documents\github\directx12\directx12\directx12\bin\x64\debug\directx12.pdb
c:\users\tokir\documents\github\directx12\directx12\directx12\obj\x64\debug\model.obj
c:\users\tokir\documents\github\directx12\directx12\directx12\obj\x64\debug\obj_manager.obj
c:\users\tokir\documents\github\directx12\directx12\directx12\obj\x64\debug\skybox.obj
c:\users\tokir\documents\github\directx12\directx12\directx12\obj\x64\debug\directx12.tlog\cl.command.1.tlog
c:\users\tokir\documents\github\directx12\directx12\directx12\obj\x64\debug\directx12.tlog\cl.read.1.tlog
c:\users\tokir\documents\github\directx12\directx12\directx12\obj\x64\debug\directx12.tlog\cl.write.1.tlog
c:\users\tokir\documents\github\directx12\directx12\directx12\obj\x64\debug\directx12.tlog\link.command.1.tlog
c:\users\tokir\documents\github\directx12\directx12\directx12\obj\x64\debug\directx12.tlog\link.read.1.tlog
c:\users\tokir\documents\github\directx12\directx12\directx12\obj\x64\debug\directx12.tlog\link.write.1.tlog
